<?xml version="1.0" encoding="UTF-8"?>
<!-- Generated by org.testng.reporters.JUnitReportReporter -->
<testsuite skipped="0" hostname="Sunny" name="testSuites.TestLogin" tests="1" failures="0" timestamp="05 Sep 2017 02:37:21 GMT" time="18.191" errors="0">
  <testcase name="loginTest" time="18.191" classname="testSuites.TestLogin"/>
</testsuite> <!-- testSuites.TestLogin -->
